<?xml version="1.0" encoding="UTF-8"?>
<!-- Generated by org.testng.reporters.JUnitReportReporter -->
<testsuite hostname="INLEN8520053156" failures="0" tests="1" name="sample1.Sample" time="14.735" errors="0" timestamp="2022-06-01T09:30:07 IST" skipped="0">
  <testcase classname="sample1.Sample" name="searchGaadiBybudget" time="14.735"/>
  <system-out/>
</testsuite> <!-- sample1.Sample -->
